[debug] [2025-07-08T12:46:28.586Z] ----------------------------------------------------------------------
[debug] [2025-07-08T12:46:28.588Z] Command:       C:\Program Files\nodejs\node.exe C:\Users\Vulpe\AppData\Roaming\npm\node_modules\firebase-tools\lib\bin\firebase.js deploy --only functions --force --debug
[debug] [2025-07-08T12:46:28.588Z] CLI Version:   14.9.0
[debug] [2025-07-08T12:46:28.588Z] Platform:      win32
[debug] [2025-07-08T12:46:28.588Z] Node Version:  v22.14.0
[debug] [2025-07-08T12:46:28.588Z] Time:          Tue Jul 08 2025 14:46:28 GMT+0200 (Midden-Europese zomertijd)
[debug] [2025-07-08T12:46:28.588Z] ----------------------------------------------------------------------
[debug] 
[debug] [2025-07-08T12:46:28.725Z] > command requires scopes: ["email","openid","https://www.googleapis.com/auth/cloudplatformprojects.readonly","https://www.googleapis.com/auth/firebase","https://www.googleapis.com/auth/cloud-platform"]
[debug] [2025-07-08T12:46:28.726Z] > authorizing via signed-in user (jan@pvmonteur.nl)
[debug] [2025-07-08T12:46:28.726Z] [iam] checking project final-crm-26abl for permissions ["cloudfunctions.functions.create","cloudfunctions.functions.delete","cloudfunctions.functions.get","cloudfunctions.functions.list","cloudfunctions.functions.update","cloudfunctions.operations.get","firebase.projects.get"]
[debug] [2025-07-08T12:46:28.727Z] Checked if tokens are valid: true, expires at: 1751980600558
[debug] [2025-07-08T12:46:28.727Z] Checked if tokens are valid: true, expires at: 1751980600558
[debug] [2025-07-08T12:46:28.728Z] >>> [apiv2][query] POST https://cloudresourcemanager.googleapis.com/v1/projects/final-crm-26abl:testIamPermissions [none]
[debug] [2025-07-08T12:46:28.728Z] >>> [apiv2][(partial)header] POST https://cloudresourcemanager.googleapis.com/v1/projects/final-crm-26abl:testIamPermissions x-goog-quota-user=projects/final-crm-26abl
[debug] [2025-07-08T12:46:28.728Z] >>> [apiv2][body] POST https://cloudresourcemanager.googleapis.com/v1/projects/final-crm-26abl:testIamPermissions {"permissions":["cloudfunctions.functions.create","cloudfunctions.functions.delete","cloudfunctions.functions.get","cloudfunctions.functions.list","cloudfunctions.functions.update","cloudfunctions.operations.get","firebase.projects.get"]}
[debug] [2025-07-08T12:46:28.943Z] <<< [apiv2][status] POST https://cloudresourcemanager.googleapis.com/v1/projects/final-crm-26abl:testIamPermissions 200
[debug] [2025-07-08T12:46:28.943Z] <<< [apiv2][body] POST https://cloudresourcemanager.googleapis.com/v1/projects/final-crm-26abl:testIamPermissions {"permissions":["cloudfunctions.functions.create","cloudfunctions.functions.delete","cloudfunctions.functions.get","cloudfunctions.functions.list","cloudfunctions.functions.update","cloudfunctions.operations.get","firebase.projects.get"]}
[debug] [2025-07-08T12:46:28.943Z] Checked if tokens are valid: true, expires at: 1751980600558
[debug] [2025-07-08T12:46:28.944Z] Checked if tokens are valid: true, expires at: 1751980600558
[debug] [2025-07-08T12:46:28.944Z] >>> [apiv2][query] POST https://iam.googleapis.com/v1/projects/final-crm-26abl/serviceAccounts/final-crm-26abl@appspot.gserviceaccount.com:testIamPermissions [none]
[debug] [2025-07-08T12:46:28.944Z] >>> [apiv2][body] POST https://iam.googleapis.com/v1/projects/final-crm-26abl/serviceAccounts/final-crm-26abl@appspot.gserviceaccount.com:testIamPermissions {"permissions":["iam.serviceAccounts.actAs"]}
[debug] [2025-07-08T12:46:29.135Z] <<< [apiv2][status] POST https://iam.googleapis.com/v1/projects/final-crm-26abl/serviceAccounts/final-crm-26abl@appspot.gserviceaccount.com:testIamPermissions 200
[debug] [2025-07-08T12:46:29.135Z] <<< [apiv2][body] POST https://iam.googleapis.com/v1/projects/final-crm-26abl/serviceAccounts/final-crm-26abl@appspot.gserviceaccount.com:testIamPermissions {"permissions":["iam.serviceAccounts.actAs"]}
[info] 
[info] === Deploying to 'final-crm-26abl'...
[info] 
[info] i  deploying functions 
[debug] [2025-07-08T12:46:29.137Z] Checked if tokens are valid: true, expires at: 1751980600558
[debug] [2025-07-08T12:46:29.137Z] Checked if tokens are valid: true, expires at: 1751980600558
[debug] [2025-07-08T12:46:29.137Z] >>> [apiv2][query] GET https://cloudresourcemanager.googleapis.com/v1/projects/final-crm-26abl [none]
[debug] [2025-07-08T12:46:29.448Z] <<< [apiv2][status] GET https://cloudresourcemanager.googleapis.com/v1/projects/final-crm-26abl 200
[debug] [2025-07-08T12:46:29.448Z] <<< [apiv2][body] GET https://cloudresourcemanager.googleapis.com/v1/projects/final-crm-26abl {"projectNumber":"805810315974","projectId":"final-crm-26abl","lifecycleState":"ACTIVE","name":"final-crm-26abl","labels":{"firebase":"enabled","firebase-core":"disabled"},"createTime":"2025-07-08T07:53:37.203823Z","parent":{"type":"organization","id":"909065010183"}}
[info] i  functions: preparing codebase default for deployment 
[info] i  functions: ensuring required API cloudfunctions.googleapis.com is enabled... 
[info] i  functions: ensuring required API cloudbuild.googleapis.com is enabled... 
[info] i  artifactregistry: ensuring required API artifactregistry.googleapis.com is enabled... 
[debug] [2025-07-08T12:46:29.450Z] Checked if tokens are valid: true, expires at: 1751980600558
[debug] [2025-07-08T12:46:29.450Z] Checked if tokens are valid: true, expires at: 1751980600558
[debug] [2025-07-08T12:46:29.451Z] >>> [apiv2][query] GET https://firebase.googleapis.com/v1beta1/projects/final-crm-26abl/adminSdkConfig [none]
[debug] [2025-07-08T12:46:29.756Z] <<< [apiv2][status] GET https://firebase.googleapis.com/v1beta1/projects/final-crm-26abl/adminSdkConfig 200
[debug] [2025-07-08T12:46:29.756Z] <<< [apiv2][body] GET https://firebase.googleapis.com/v1beta1/projects/final-crm-26abl/adminSdkConfig {"projectId":"final-crm-26abl","storageBucket":"final-crm-26abl.firebasestorage.app"}
[debug] [2025-07-08T12:46:29.756Z] Checked if tokens are valid: true, expires at: 1751980600558
[debug] [2025-07-08T12:46:29.757Z] Checked if tokens are valid: true, expires at: 1751980600558
[debug] [2025-07-08T12:46:29.757Z] >>> [apiv2][query] GET https://runtimeconfig.googleapis.com/v1beta1/projects/final-crm-26abl/configs [none]
[debug] [2025-07-08T12:46:29.979Z] <<< [apiv2][status] GET https://runtimeconfig.googleapis.com/v1beta1/projects/final-crm-26abl/configs 200
[debug] [2025-07-08T12:46:29.979Z] <<< [apiv2][body] GET https://runtimeconfig.googleapis.com/v1beta1/projects/final-crm-26abl/configs {"configs":[{"name":"projects/final-crm-26abl/configs/api_gateway"},{"name":"projects/final-crm-26abl/configs/app"}]}
[debug] [2025-07-08T12:46:29.979Z] Checked if tokens are valid: true, expires at: 1751980600558
[debug] [2025-07-08T12:46:29.979Z] Checked if tokens are valid: true, expires at: 1751980600558
[debug] [2025-07-08T12:46:29.980Z] Checked if tokens are valid: true, expires at: 1751980600558
[debug] [2025-07-08T12:46:29.980Z] Checked if tokens are valid: true, expires at: 1751980600558
[debug] [2025-07-08T12:46:29.980Z] >>> [apiv2][query] GET https://runtimeconfig.googleapis.com/v1beta1/projects/final-crm-26abl/configs/api_gateway/variables [none]
[debug] [2025-07-08T12:46:29.981Z] >>> [apiv2][query] GET https://runtimeconfig.googleapis.com/v1beta1/projects/final-crm-26abl/configs/app/variables [none]
[debug] [2025-07-08T12:46:30.173Z] <<< [apiv2][status] GET https://runtimeconfig.googleapis.com/v1beta1/projects/final-crm-26abl/configs/api_gateway/variables 200
[debug] [2025-07-08T12:46:30.173Z] <<< [apiv2][body] GET https://runtimeconfig.googleapis.com/v1beta1/projects/final-crm-26abl/configs/api_gateway/variables {"variables":[{"name":"projects/final-crm-26abl/configs/api_gateway/variables/timeout_seconds","updateTime":"2025-07-08T12:40:04.089809595Z"}]}
[debug] [2025-07-08T12:46:30.173Z] Checked if tokens are valid: true, expires at: 1751980600558
[debug] [2025-07-08T12:46:30.173Z] Checked if tokens are valid: true, expires at: 1751980600558
[debug] [2025-07-08T12:46:30.174Z] >>> [apiv2][query] GET https://runtimeconfig.googleapis.com/v1beta1/projects/final-crm-26abl/configs/api_gateway/variables/timeout_seconds [none]
[debug] [2025-07-08T12:46:30.186Z] <<< [apiv2][status] GET https://runtimeconfig.googleapis.com/v1beta1/projects/final-crm-26abl/configs/app/variables 200
[debug] [2025-07-08T12:46:30.187Z] <<< [apiv2][body] GET https://runtimeconfig.googleapis.com/v1beta1/projects/final-crm-26abl/configs/app/variables {"variables":[{"name":"projects/final-crm-26abl/configs/app/variables/jwt_secret_key","updateTime":"2025-07-08T10:04:40.901275615Z"},{"name":"projects/final-crm-26abl/configs/app/variables/secret_key","updateTime":"2025-07-08T10:04:40.614970768Z"},{"name":"projects/final-crm-26abl/configs/app/variables/frontend_url","updateTime":"2025-07-08T10:04:41.295959037Z"}]}
[debug] [2025-07-08T12:46:30.187Z] Checked if tokens are valid: true, expires at: 1751980600558
[debug] [2025-07-08T12:46:30.187Z] Checked if tokens are valid: true, expires at: 1751980600558
[debug] [2025-07-08T12:46:30.187Z] Checked if tokens are valid: true, expires at: 1751980600558
[debug] [2025-07-08T12:46:30.187Z] Checked if tokens are valid: true, expires at: 1751980600558
[debug] [2025-07-08T12:46:30.187Z] Checked if tokens are valid: true, expires at: 1751980600558
[debug] [2025-07-08T12:46:30.187Z] Checked if tokens are valid: true, expires at: 1751980600558
[debug] [2025-07-08T12:46:30.188Z] >>> [apiv2][query] GET https://runtimeconfig.googleapis.com/v1beta1/projects/final-crm-26abl/configs/app/variables/jwt_secret_key [none]
[debug] [2025-07-08T12:46:30.188Z] >>> [apiv2][query] GET https://runtimeconfig.googleapis.com/v1beta1/projects/final-crm-26abl/configs/app/variables/secret_key [none]
[debug] [2025-07-08T12:46:30.189Z] >>> [apiv2][query] GET https://runtimeconfig.googleapis.com/v1beta1/projects/final-crm-26abl/configs/app/variables/frontend_url [none]
[debug] [2025-07-08T12:46:30.360Z] <<< [apiv2][status] GET https://runtimeconfig.googleapis.com/v1beta1/projects/final-crm-26abl/configs/app/variables/frontend_url 200
[debug] [2025-07-08T12:46:30.360Z] <<< [apiv2][body] GET https://runtimeconfig.googleapis.com/v1beta1/projects/final-crm-26abl/configs/app/variables/frontend_url {"name":"projects/final-crm-26abl/configs/app/variables/frontend_url","updateTime":"2025-07-08T10:04:41.295959037Z","text":"http://localhost:5173"}
[debug] [2025-07-08T12:46:30.367Z] <<< [apiv2][status] GET https://runtimeconfig.googleapis.com/v1beta1/projects/final-crm-26abl/configs/api_gateway/variables/timeout_seconds 200
[debug] [2025-07-08T12:46:30.367Z] <<< [apiv2][body] GET https://runtimeconfig.googleapis.com/v1beta1/projects/final-crm-26abl/configs/api_gateway/variables/timeout_seconds {"name":"projects/final-crm-26abl/configs/api_gateway/variables/timeout_seconds","updateTime":"2025-07-08T12:40:04.089809595Z","text":"300"}
[debug] [2025-07-08T12:46:30.368Z] <<< [apiv2][status] GET https://runtimeconfig.googleapis.com/v1beta1/projects/final-crm-26abl/configs/app/variables/jwt_secret_key 200
[debug] [2025-07-08T12:46:30.368Z] <<< [apiv2][body] GET https://runtimeconfig.googleapis.com/v1beta1/projects/final-crm-26abl/configs/app/variables/jwt_secret_key {"name":"projects/final-crm-26abl/configs/app/variables/jwt_secret_key","updateTime":"2025-07-08T10:04:40.901275615Z","text":"N0pQ1rS2tU3vW4xY5zC6aD7bE8cF9gH"}
[debug] [2025-07-08T12:46:30.375Z] <<< [apiv2][status] GET https://runtimeconfig.googleapis.com/v1beta1/projects/final-crm-26abl/configs/app/variables/secret_key 200
[debug] [2025-07-08T12:46:30.375Z] <<< [apiv2][body] GET https://runtimeconfig.googleapis.com/v1beta1/projects/final-crm-26abl/configs/app/variables/secret_key {"name":"projects/final-crm-26abl/configs/app/variables/secret_key","updateTime":"2025-07-08T10:04:40.614970768Z","text":"R6sT8UvW1XyZ2aB3cD4eF5gH6iJ7kL9m"}
[debug] [2025-07-08T12:46:30.376Z] Customer code is not Node
[debug] [2025-07-08T12:46:30.376Z] Validating python source
[debug] [2025-07-08T12:46:30.376Z] Building python source
[info] i  functions: Loading and analyzing source code for codebase default to determine what to deploy 
[debug] [2025-07-08T12:46:30.377Z] Could not find functions.yaml. Must use http discovery
[debug] [2025-07-08T12:46:30.384Z] Running command with virtualenv: command="C:\Users\Vulpe\Ai\Final-CRM\functions\venv\Scripts\activate.bat", args=["","&&","python.exe","-c","\"import firebase_functions; import os; print(os.path.dirname(firebase_functions.__file__))\""]
[debug] [2025-07-08T12:46:30.460Z] stdout: C:\Users\Vulpe\Ai\Final-CRM\functions\venv\Lib\site-packages\firebase_functions

[debug] [2025-07-08T12:46:30.467Z] Running admin server with args: ["python.exe","\"C:\\Users\\Vulpe\\Ai\\Final-CRM\\functions\\venv\\Lib\\site-packages\\firebase_functions\\private\\serving.py\""] and env: {"FIREBASE_CONFIG":"{\"projectId\":\"final-crm-26abl\",\"storageBucket\":\"final-crm-26abl.firebasestorage.app\"}","GCLOUD_PROJECT":"final-crm-26abl","GOOGLE_CLOUD_QUOTA_PROJECT":"final-crm-26abl","ADMIN_PORT":"8081"} in C:\Users\Vulpe\Ai\Final-CRM\functions
[debug] [2025-07-08T12:46:30.467Z] Running command with virtualenv: command="C:\Users\Vulpe\Ai\Final-CRM\functions\venv\Scripts\activate.bat", args=["","&&","python.exe","\"C:\\Users\\Vulpe\\Ai\\Final-CRM\\functions\\venv\\Lib\\site-packages\\firebase_functions\\private\\serving.py\""]
[info]  * Serving Flask app 'serving'
 * Debug mode: off

[error] WARNING: This is a development server. Do not use it in a production deployment. Use a production WSGI server instead.
 * Running on http://127.0.0.1:8081
Press CTRL+C to quit

[error] 127.0.0.1 - - [08/Jul/2025 14:46:31] "GET /__/functions.yaml HTTP/1.1" 200 -

[debug] [2025-07-08T12:46:31.467Z] Got response from /__/functions.yaml endpoints:
  api_gateway:
    availableMemoryMb: null
    concurrency: null
    entryPoint: api_gateway
    httpsTrigger: {}
    ingressSettings: null
    labels: {}
    maxInstances: null
    minInstances: null
    platform: gcfv2
    secretEnvironmentVariables: []
    serviceAccountEmail: null
    timeoutSeconds: null
params: []
requiredAPIs: []
specVersion: v1alpha1

[error] 127.0.0.1 - - [08/Jul/2025 14:46:31] "GET /__/quitquitquit HTTP/1.1" 200 -

[info] i  functions: preparing functions directory for uploading... 
[info] i  functions: packaged C:\Users\Vulpe\Ai\Final-CRM\functions (136.87 KB) for uploading 
[debug] [2025-07-08T12:46:31.559Z] Checked if tokens are valid: true, expires at: 1751980600558
[debug] [2025-07-08T12:46:31.559Z] Checked if tokens are valid: true, expires at: 1751980600558
[debug] [2025-07-08T12:46:31.559Z] >>> [apiv2][query] GET https://cloudfunctions.googleapis.com/v1/projects/final-crm-26abl/locations/-/functions [none]
[debug] [2025-07-08T12:46:32.105Z] <<< [apiv2][status] GET https://cloudfunctions.googleapis.com/v1/projects/final-crm-26abl/locations/-/functions 200
[debug] [2025-07-08T12:46:32.105Z] <<< [apiv2][body] GET https://cloudfunctions.googleapis.com/v1/projects/final-crm-26abl/locations/-/functions {}
[debug] [2025-07-08T12:46:32.105Z] Checked if tokens are valid: true, expires at: 1751980600558
[debug] [2025-07-08T12:46:32.105Z] Checked if tokens are valid: true, expires at: 1751980600558
[debug] [2025-07-08T12:46:32.106Z] >>> [apiv2][query] GET https://cloudfunctions.googleapis.com/v2/projects/final-crm-26abl/locations/-/functions filter=environment%3D%22GEN_2%22
[debug] [2025-07-08T12:46:33.118Z] <<< [apiv2][status] GET https://cloudfunctions.googleapis.com/v2/projects/final-crm-26abl/locations/-/functions 200
[debug] [2025-07-08T12:46:33.119Z] <<< [apiv2][body] GET https://cloudfunctions.googleapis.com/v2/projects/final-crm-26abl/locations/-/functions {"functions":[{"name":"projects/final-crm-26abl/locations/us-central1/functions/api_gateway","buildConfig":{"build":"projects/805810315974/locations/us-central1/builds/ba6a69d0-75e3-4c86-9944-10a60d0145c1","runtime":"python311","entryPoint":"api_gateway","source":{"storageSource":{"bucket":"gcf-v2-sources-805810315974-us-central1","object":"api_gateway/function-source.zip","generation":"1751978122307236"}},"environmentVariables":{"GOOGLE_NODE_RUN_SCRIPTS":""},"dockerRepository":"projects/final-crm-26abl/locations/us-central1/repositories/gcf-artifacts","sourceProvenance":{"resolvedStorageSource":{"bucket":"gcf-v2-sources-805810315974-us-central1","object":"api_gateway/function-source.zip","generation":"1751978122307236"}},"dockerRegistry":"ARTIFACT_REGISTRY","serviceAccount":"projects/final-crm-26abl/serviceAccounts/805810315974-compute@developer.gserviceaccount.com","automaticUpdatePolicy":{}},"state":"FAILED","updateTime":"2025-07-08T12:36:59.624972573Z","labels":{"deployment-tool":"cli-firebase","firebase-functions-hash":"013d02cf2267e7e2e8a3f4d23cc4ccd8a386ca90"},"stateMessages":[{"severity":"ERROR","type":"CloudRunServiceNotFound","message":"Cloud Run service projects/final-crm-26abl/locations/us-central1/services/api-gateway for the function was not found. The function will not work correctly. Please redeploy."}],"environment":"GEN_2","url":"https://us-central1-final-crm-26abl.cloudfunctions.net/api_gateway","createTime":"2025-07-08T12:35:22.555626359Z","satisfiesPzi":true}]}
[info] i  functions: ensuring required API run.googleapis.com is enabled... 
[info] i  functions: ensuring required API eventarc.googleapis.com is enabled... 
[info] i  functions: ensuring required API pubsub.googleapis.com is enabled... 
[info] i  functions: ensuring required API storage.googleapis.com is enabled... 
[info] i  functions: generating the service identity for pubsub.googleapis.com... 
[debug] [2025-07-08T12:46:33.122Z] Checked if tokens are valid: true, expires at: 1751980600558
[debug] [2025-07-08T12:46:33.122Z] Checked if tokens are valid: true, expires at: 1751980600558
[info] i  functions: generating the service identity for eventarc.googleapis.com... 
[debug] [2025-07-08T12:46:33.123Z] Checked if tokens are valid: true, expires at: 1751980600558
[debug] [2025-07-08T12:46:33.123Z] Checked if tokens are valid: true, expires at: 1751980600558
[debug] [2025-07-08T12:46:33.123Z] >>> [apiv2][query] POST https://serviceusage.googleapis.com/v1beta1/projects/805810315974/services/pubsub.googleapis.com:generateServiceIdentity [none]
[debug] [2025-07-08T12:46:33.123Z] >>> [apiv2][(partial)header] POST https://serviceusage.googleapis.com/v1beta1/projects/805810315974/services/pubsub.googleapis.com:generateServiceIdentity x-goog-quota-user=projects/805810315974
[debug] [2025-07-08T12:46:33.123Z] >>> [apiv2][body] POST https://serviceusage.googleapis.com/v1beta1/projects/805810315974/services/pubsub.googleapis.com:generateServiceIdentity {}
[debug] [2025-07-08T12:46:33.125Z] >>> [apiv2][query] POST https://serviceusage.googleapis.com/v1beta1/projects/805810315974/services/eventarc.googleapis.com:generateServiceIdentity [none]
[debug] [2025-07-08T12:46:33.125Z] >>> [apiv2][(partial)header] POST https://serviceusage.googleapis.com/v1beta1/projects/805810315974/services/eventarc.googleapis.com:generateServiceIdentity x-goog-quota-user=projects/805810315974
[debug] [2025-07-08T12:46:33.125Z] >>> [apiv2][body] POST https://serviceusage.googleapis.com/v1beta1/projects/805810315974/services/eventarc.googleapis.com:generateServiceIdentity {}
[debug] [2025-07-08T12:46:33.942Z] <<< [apiv2][status] POST https://serviceusage.googleapis.com/v1beta1/projects/805810315974/services/pubsub.googleapis.com:generateServiceIdentity 200
[debug] [2025-07-08T12:46:33.943Z] <<< [apiv2][body] POST https://serviceusage.googleapis.com/v1beta1/projects/805810315974/services/pubsub.googleapis.com:generateServiceIdentity {"name":"operations/finished.DONE_OPERATION","done":true,"response":{"@type":"type.googleapis.com/google.api.serviceusage.v1beta1.ServiceIdentity","email":"service-805810315974@gcp-sa-pubsub.iam.gserviceaccount.com","uniqueId":"118209233567886278744"}}
[debug] [2025-07-08T12:46:33.976Z] <<< [apiv2][status] POST https://serviceusage.googleapis.com/v1beta1/projects/805810315974/services/eventarc.googleapis.com:generateServiceIdentity 200
[debug] [2025-07-08T12:46:33.977Z] <<< [apiv2][body] POST https://serviceusage.googleapis.com/v1beta1/projects/805810315974/services/eventarc.googleapis.com:generateServiceIdentity {"name":"operations/finished.DONE_OPERATION","done":true,"response":{"@type":"type.googleapis.com/google.api.serviceusage.v1beta1.ServiceIdentity","email":"service-805810315974@gcp-sa-eventarc.iam.gserviceaccount.com","uniqueId":"113646062495863073166"}}
[debug] [2025-07-08T12:46:33.978Z] Checked if tokens are valid: true, expires at: 1751980600558
[debug] [2025-07-08T12:46:33.978Z] Checked if tokens are valid: true, expires at: 1751980600558
[debug] [2025-07-08T12:46:33.979Z] >>> [apiv2][query] GET https://cloudresourcemanager.googleapis.com/v1/projects/final-crm-26abl [none]
[debug] [2025-07-08T12:46:34.164Z] <<< [apiv2][status] GET https://cloudresourcemanager.googleapis.com/v1/projects/final-crm-26abl 200
[debug] [2025-07-08T12:46:34.165Z] <<< [apiv2][body] GET https://cloudresourcemanager.googleapis.com/v1/projects/final-crm-26abl {"projectNumber":"805810315974","projectId":"final-crm-26abl","lifecycleState":"ACTIVE","name":"final-crm-26abl","labels":{"firebase":"enabled","firebase-core":"disabled"},"createTime":"2025-07-08T07:53:37.203823Z","parent":{"type":"organization","id":"909065010183"}}
[debug] [2025-07-08T12:46:34.165Z] Checked if tokens are valid: true, expires at: 1751980600558
[debug] [2025-07-08T12:46:34.165Z] Checked if tokens are valid: true, expires at: 1751980600558
[debug] [2025-07-08T12:46:34.165Z] >>> [apiv2][query] GET https://compute.googleapis.com/compute/v1/projects/805810315974 [none]
[debug] [2025-07-08T12:46:34.535Z] <<< [apiv2][status] GET https://compute.googleapis.com/compute/v1/projects/805810315974 200
[debug] [2025-07-08T12:46:34.535Z] <<< [apiv2][body] GET https://compute.googleapis.com/compute/v1/projects/805810315974 {"kind":"compute#project","id":"9190419826760266696","creationTimestamp":"2025-07-08T05:20:55.712-07:00","name":"final-crm-26abl","commonInstanceMetadata":{"kind":"compute#metadata","fingerprint":"jwjMN8FNftE="},"quotas":[{"metric":"SNAPSHOTS","limit":1000,"usage":0},{"metric":"NETWORKS","limit":5,"usage":1},{"metric":"FIREWALLS","limit":100,"usage":4},{"metric":"IMAGES","limit":100,"usage":0},{"metric":"STATIC_ADDRESSES","limit":8,"usage":0},{"metric":"ROUTES","limit":200,"usage":0},{"metric":"FORWARDING_RULES","limit":15,"usage":0},{"metric":"TARGET_POOLS","limit":50,"usage":0},{"metric":"HEALTH_CHECKS","limit":75,"usage":0},{"metric":"IN_USE_ADDRESSES","limit":8,"usage":0},{"metric":"TARGET_INSTANCES","limit":50,"usage":0},{"metric":"TARGET_HTTP_PROXIES","limit":10,"usage":0},{"metric":"URL_MAPS","limit":10,"usage":0},{"metric":"BACKEND_SERVICES","limit":50,"usage":0},{"metric":"INSTANCE_TEMPLATES","limit":100,"usage":0},{"metric":"TARGET_VPN_GATEWAYS","limit":5,"usage":0},{"metric":"VPN_TUNNELS","limit":10,"usage":0},{"metric":"BACKEND_BUCKETS","limit":3,"usage":0},{"metric":"ROUTERS","limit":10,"usage":0},{"metric":"TARGET_SSL_PROXIES","limit":10,"usage":0},{"metric":"TARGET_HTTPS_PROXIES","limit":10,"usage":0},{"metric":"SSL_CERTIFICATES","limit":10,"usage":0},{"metric":"SUBNETWORKS","limit":100,"usage":0},{"metric":"TARGET_TCP_PROXIES","limit":10,"usage":0},{"metric":"CPUS_ALL_REGIONS","limit":32,"usage":0},{"metric":"SECURITY_POLICIES","limit":10,"usage":0},{"metric":"SECURITY_POLICY_RULES","limit":100,"usage":0},{"metric":"XPN_SERVICE_PROJECTS","limit":1000,"usage":0},{"metric":"PACKET_MIRRORINGS","limit":20,"usage":0},{"metric":"NETWORK_ENDPOINT_GROUPS","limit":100,"usage":0},{"metric":"INTERCONNECTS","limit":6,"usage":0},{"metric":"SSL_POLICIES","limit":10,"usage":0},{"metric":"GLOBAL_INTERNAL_ADDRESSES","limit":5000,"usage":0},{"metric":"VPN_GATEWAYS","limit":5,"usage":0},{"metric":"MACHINE_IMAGES","limit":100,"usage":0},{"metric":"SECURITY_POLICY_CEVAL_RULES","limit":20,"usage":0},{"metric":"GPUS_ALL_REGIONS","limit":0,"usage":0},{"metric":"EXTERNAL_VPN_GATEWAYS","limit":5,"usage":0},{"metric":"PUBLIC_ADVERTISED_PREFIXES","limit":1,"usage":0},{"metric":"PUBLIC_DELEGATED_PREFIXES","limit":10,"usage":0},{"metric":"STATIC_BYOIP_ADDRESSES","limit":128,"usage":0},{"metric":"NETWORK_FIREWALL_POLICIES","limit":10,"usage":0},{"metric":"INTERNAL_TRAFFIC_DIRECTOR_FORWARDING_RULES","limit":15,"usage":0},{"metric":"GLOBAL_EXTERNAL_MANAGED_FORWARDING_RULES","limit":15,"usage":0},{"metric":"GLOBAL_INTERNAL_MANAGED_BACKEND_SERVICES","limit":50,"usage":0},{"metric":"GLOBAL_EXTERNAL_MANAGED_BACKEND_SERVICES","limit":50,"usage":0},{"metric":"GLOBAL_EXTERNAL_PROXY_LB_BACKEND_SERVICES","limit":50,"usage":0},{"metric":"GLOBAL_INTERNAL_TRAFFIC_DIRECTOR_BACKEND_SERVICES","limit":250,"usage":0}],"selfLink":"https://www.googleapis.com/compute/v1/projects/final-crm-26abl","defaultServiceAccount":"805810315974-compute@developer.gserviceaccount.com","xpnProjectStatus":"UNSPECIFIED_XPN_PROJECT_STATUS","defaultNetworkTier":"PREMIUM","vmDnsSetting":"ZONAL_ONLY","cloudArmorTier":"CA_STANDARD"}
[debug] [2025-07-08T12:46:34.536Z] Checked if tokens are valid: true, expires at: 1751980600558
[debug] [2025-07-08T12:46:34.536Z] Checked if tokens are valid: true, expires at: 1751980600558
[debug] [2025-07-08T12:46:34.536Z] >>> [apiv2][query] POST https://cloudfunctions.googleapis.com/v2/projects/final-crm-26abl/locations/us-central1/functions:generateUploadUrl [none]
[debug] [2025-07-08T12:46:35.300Z] <<< [apiv2][status] POST https://cloudfunctions.googleapis.com/v2/projects/final-crm-26abl/locations/us-central1/functions:generateUploadUrl 200
[debug] [2025-07-08T12:46:35.300Z] <<< [apiv2][body] POST https://cloudfunctions.googleapis.com/v2/projects/final-crm-26abl/locations/us-central1/functions:generateUploadUrl {"uploadUrl":"https://storage.googleapis.com/gcf-v2-uploads-805810315974.us-central1.cloudfunctions.appspot.com/e5e42af7-16c9-4307-a382-732815a6bc29.zip?GoogleAccessId=service-805810315974@gcf-admin-robot.iam.gserviceaccount.com&Expires=1751980595&Signature=mIN%2B7dJIVGcQYq4nre8FyujJVeWtqSeaauJq9pDASngL%2FsO%2B%2Fxy2A9dHSxkid2f6cr7ja1tugJ29xOQjoHzBisR8xRE4776zQOS9jpai6MAMdHlD7L96SKs5lEVJVEEw%2BOmDp%2FPetiqTn4msnfXpClyzuDAbmyA5hfjjsexWwqWHUuWTE7iwpH3MhNMrzKXCSwX0KUtYBWCsk40mizMFa2dbt7OqTT3AqdHmWFYhZTzsnyA4Wz9WMaOPBIGpfVwYS6pfv6%2BSJJFM0M0WKwrYgW%2FoO1pZ84l9KnnnmfK4EMYsS5pM8CQjToOqYEYsNFcfwlublhXIi3EwH1rPvkLZzw%3D%3D","storageSource":{"bucket":"gcf-v2-uploads-805810315974.us-central1.cloudfunctions.appspot.com","object":"e5e42af7-16c9-4307-a382-732815a6bc29.zip"}}
[debug] [2025-07-08T12:46:35.301Z] >>> [apiv2][query] PUT https://storage.googleapis.com/gcf-v2-uploads-805810315974.us-central1.cloudfunctions.appspot.com/e5e42af7-16c9-4307-a382-732815a6bc29.zip GoogleAccessId=service-805810315974%40gcf-admin-robot.iam.gserviceaccount.com&Expires=1751980595&Signature=mIN%2B7dJIVGcQYq4nre8FyujJVeWtqSeaauJq9pDASngL%2FsO%2B%2Fxy2A9dHSxkid2f6cr7ja1tugJ29xOQjoHzBisR8xRE4776zQOS9jpai6MAMdHlD7L96SKs5lEVJVEEw%2BOmDp%2FPetiqTn4msnfXpClyzuDAbmyA5hfjjsexWwqWHUuWTE7iwpH3MhNMrzKXCSwX0KUtYBWCsk40mizMFa2dbt7OqTT3AqdHmWFYhZTzsnyA4Wz9WMaOPBIGpfVwYS6pfv6%2BSJJFM0M0WKwrYgW%2FoO1pZ84l9KnnnmfK4EMYsS5pM8CQjToOqYEYsNFcfwlublhXIi3EwH1rPvkLZzw%3D%3D
[debug] [2025-07-08T12:46:35.301Z] >>> [apiv2][body] PUT https://storage.googleapis.com/gcf-v2-uploads-805810315974.us-central1.cloudfunctions.appspot.com/e5e42af7-16c9-4307-a382-732815a6bc29.zip [stream]
[debug] [2025-07-08T12:46:35.800Z] <<< [apiv2][status] PUT https://storage.googleapis.com/gcf-v2-uploads-805810315974.us-central1.cloudfunctions.appspot.com/e5e42af7-16c9-4307-a382-732815a6bc29.zip 200
[debug] [2025-07-08T12:46:35.801Z] <<< [apiv2][body] PUT https://storage.googleapis.com/gcf-v2-uploads-805810315974.us-central1.cloudfunctions.appspot.com/e5e42af7-16c9-4307-a382-732815a6bc29.zip [omitted]
[info] +  functions: functions folder uploaded successfully 
[info] i  functions: updating Python 3.11 (2nd Gen) function api_gateway(us-central1)... 
[debug] [2025-07-08T12:46:35.804Z] Checked if tokens are valid: true, expires at: 1751980600558
[debug] [2025-07-08T12:46:35.804Z] Checked if tokens are valid: true, expires at: 1751980600558
[debug] [2025-07-08T12:46:35.804Z] >>> [apiv2][query] PATCH https://cloudfunctions.googleapis.com/v2/projects/final-crm-26abl/locations/us-central1/functions/api_gateway updateMask=name%2CbuildConfig.runtime%2CbuildConfig.entryPoint%2CbuildConfig.source.storageSource.bucket%2CbuildConfig.source.storageSource.object%2CbuildConfig.environmentVariables%2CbuildConfig.sourceToken%2CserviceConfig.environmentVariables%2CserviceConfig.secretEnvironmentVariables%2CserviceConfig.ingressSettings%2CserviceConfig.timeoutSeconds%2CserviceConfig.serviceAccountEmail%2CserviceConfig.availableMemory%2CserviceConfig.minInstanceCount%2CserviceConfig.maxInstanceCount%2CserviceConfig.maxInstanceRequestConcurrency%2CserviceConfig.availableCpu%2Clabels
[debug] [2025-07-08T12:46:35.804Z] >>> [apiv2][body] PATCH https://cloudfunctions.googleapis.com/v2/projects/final-crm-26abl/locations/us-central1/functions/api_gateway {"name":"projects/final-crm-26abl/locations/us-central1/functions/api_gateway","buildConfig":{"runtime":"python311","entryPoint":"api_gateway","source":{"storageSource":{"bucket":"gcf-v2-uploads-805810315974.us-central1.cloudfunctions.appspot.com","object":"e5e42af7-16c9-4307-a382-732815a6bc29.zip"}},"environmentVariables":{"GOOGLE_NODE_RUN_SCRIPTS":""}},"serviceConfig":{"environmentVariables":{"FIREBASE_CONFIG":"{\"projectId\":\"final-crm-26abl\",\"storageBucket\":\"final-crm-26abl.firebasestorage.app\"}","GCLOUD_PROJECT":"final-crm-26abl","EVENTARC_CLOUD_EVENT_SOURCE":"projects/final-crm-26abl/locations/us-central1/services/api_gateway","FUNCTION_TARGET":"api_gateway","LOG_EXECUTION_ID":"true"},"secretEnvironmentVariables":[],"ingressSettings":null,"timeoutSeconds":null,"serviceAccountEmail":null,"availableMemory":"256Mi","minInstanceCount":null,"maxInstanceCount":null,"maxInstanceRequestConcurrency":80,"availableCpu":"1"},"labels":{"deployment-tool":"cli-firebase","firebase-functions-hash":"a36b9fafdc4e5c64714ba32abc31ceedce29ee02"}}
[debug] [2025-07-08T12:46:37.372Z] <<< [apiv2][status] PATCH https://cloudfunctions.googleapis.com/v2/projects/final-crm-26abl/locations/us-central1/functions/api_gateway 200
[debug] [2025-07-08T12:46:37.372Z] <<< [apiv2][body] PATCH https://cloudfunctions.googleapis.com/v2/projects/final-crm-26abl/locations/us-central1/functions/api_gateway {"name":"projects/final-crm-26abl/locations/us-central1/operations/operation-1751978796443-6396a59d0e63c-9ab5bf63-26cc3261","metadata":{"@type":"type.googleapis.com/google.cloud.functions.v2.OperationMetadata","createTime":"2025-07-08T12:46:37.277359901Z","target":"projects/final-crm-26abl/locations/us-central1/functions/api_gateway","verb":"update","cancelRequested":false,"apiVersion":"v2"},"done":false}
[debug] [2025-07-08T12:46:37.373Z] Checked if tokens are valid: true, expires at: 1751980600558
[debug] [2025-07-08T12:46:37.373Z] Checked if tokens are valid: true, expires at: 1751980600558
[debug] [2025-07-08T12:46:37.373Z] >>> [apiv2][query] GET https://cloudfunctions.googleapis.com/v2/projects/final-crm-26abl/locations/us-central1/operations/operation-1751978796443-6396a59d0e63c-9ab5bf63-26cc3261 [none]
[debug] [2025-07-08T12:46:38.123Z] <<< [apiv2][status] GET https://cloudfunctions.googleapis.com/v2/projects/final-crm-26abl/locations/us-central1/operations/operation-1751978796443-6396a59d0e63c-9ab5bf63-26cc3261 200
[debug] [2025-07-08T12:46:38.123Z] <<< [apiv2][body] GET https://cloudfunctions.googleapis.com/v2/projects/final-crm-26abl/locations/us-central1/operations/operation-1751978796443-6396a59d0e63c-9ab5bf63-26cc3261 {"name":"projects/final-crm-26abl/locations/us-central1/operations/operation-1751978796443-6396a59d0e63c-9ab5bf63-26cc3261","metadata":{"@type":"type.googleapis.com/google.cloud.functions.v2.OperationMetadata","createTime":"2025-07-08T12:46:37.277359901Z","target":"projects/final-crm-26abl/locations/us-central1/functions/api_gateway","verb":"update","cancelRequested":false,"apiVersion":"v2","requestResource":{"@type":"type.googleapis.com/google.cloud.functions.v2.Function","name":"projects/final-crm-26abl/locations/us-central1/functions/api_gateway","buildConfig":{"runtime":"python311","entryPoint":"api_gateway","source":{"storageSource":{"bucket":"gcf-v2-sources-805810315974-us-central1","object":"api_gateway/function-source.zip","generation":"1751978797224035"}},"environmentVariables":{"GOOGLE_NODE_RUN_SCRIPTS":""},"dockerRepository":"projects/final-crm-26abl/locations/us-central1/repositories/gcf-artifacts","sourceProvenance":{"resolvedStorageSource":{"bucket":"gcf-v2-sources-805810315974-us-central1","object":"api_gateway/function-source.zip","generation":"1751978122307236"}},"dockerRegistry":"ARTIFACT_REGISTRY","serviceAccount":"projects/final-crm-26abl/serviceAccounts/805810315974-compute@developer.gserviceaccount.com","automaticUpdatePolicy":{}},"serviceConfig":{"service":"projects/final-crm-26abl/locations/us-central1/services/api-gateway","timeoutSeconds":60,"environmentVariables":{"FIREBASE_CONFIG":"{\"projectId\":\"final-crm-26abl\",\"storageBucket\":\"final-crm-26abl.firebasestorage.app\"}","GCLOUD_PROJECT":"final-crm-26abl","EVENTARC_CLOUD_EVENT_SOURCE":"projects/final-crm-26abl/locations/us-central1/services/api_gateway","FUNCTION_TARGET":"api_gateway","LOG_EXECUTION_ID":"true"},"ingressSettings":"ALLOW_ALL","serviceAccountEmail":"805810315974-compute@developer.gserviceaccount.com","availableMemory":"256Mi","maxInstanceRequestConcurrency":80,"availableCpu":"1"},"state":"FAILED","labels":{"firebase-functions-hash":"a36b9fafdc4e5c64714ba32abc31ceedce29ee02"},"stateMessages":[{"severity":"ERROR","type":"CloudRunServiceNotFound","message":"Cloud Run service projects/final-crm-26abl/locations/us-central1/services/api-gateway for the function was not found. The function will not work correctly. Please redeploy."}],"environment":"GEN_2","url":"https://us-central1-final-crm-26abl.cloudfunctions.net/api_gateway","satisfiesPzi":true},"stages":[{"name":"BUILD","state":"NOT_STARTED"},{"name":"SERVICE","state":"NOT_STARTED"}],"operationType":"UPDATE_FUNCTION"},"done":false}
[debug] [2025-07-08T12:46:38.632Z] [update-default-us-central1-api_gateway] Retrying task index 0
[debug] [2025-07-08T12:46:38.633Z] Checked if tokens are valid: true, expires at: 1751980600558
[debug] [2025-07-08T12:46:38.633Z] Checked if tokens are valid: true, expires at: 1751980600558
[debug] [2025-07-08T12:46:38.633Z] >>> [apiv2][query] GET https://cloudfunctions.googleapis.com/v2/projects/final-crm-26abl/locations/us-central1/operations/operation-1751978796443-6396a59d0e63c-9ab5bf63-26cc3261 [none]
[debug] [2025-07-08T12:46:39.368Z] <<< [apiv2][status] GET https://cloudfunctions.googleapis.com/v2/projects/final-crm-26abl/locations/us-central1/operations/operation-1751978796443-6396a59d0e63c-9ab5bf63-26cc3261 200
[debug] [2025-07-08T12:46:39.368Z] <<< [apiv2][body] GET https://cloudfunctions.googleapis.com/v2/projects/final-crm-26abl/locations/us-central1/operations/operation-1751978796443-6396a59d0e63c-9ab5bf63-26cc3261 {"name":"projects/final-crm-26abl/locations/us-central1/operations/operation-1751978796443-6396a59d0e63c-9ab5bf63-26cc3261","metadata":{"@type":"type.googleapis.com/google.cloud.functions.v2.OperationMetadata","createTime":"2025-07-08T12:46:37.277359901Z","target":"projects/final-crm-26abl/locations/us-central1/functions/api_gateway","verb":"update","cancelRequested":false,"apiVersion":"v2","requestResource":{"@type":"type.googleapis.com/google.cloud.functions.v2.Function","name":"projects/final-crm-26abl/locations/us-central1/functions/api_gateway","buildConfig":{"runtime":"python311","entryPoint":"api_gateway","source":{"storageSource":{"bucket":"gcf-v2-sources-805810315974-us-central1","object":"api_gateway/function-source.zip","generation":"1751978797224035"}},"environmentVariables":{"GOOGLE_NODE_RUN_SCRIPTS":""},"dockerRepository":"projects/final-crm-26abl/locations/us-central1/repositories/gcf-artifacts","sourceProvenance":{"resolvedStorageSource":{"bucket":"gcf-v2-sources-805810315974-us-central1","object":"api_gateway/function-source.zip","generation":"1751978122307236"}},"dockerRegistry":"ARTIFACT_REGISTRY","serviceAccount":"projects/final-crm-26abl/serviceAccounts/805810315974-compute@developer.gserviceaccount.com","automaticUpdatePolicy":{}},"serviceConfig":{"service":"projects/final-crm-26abl/locations/us-central1/services/api-gateway","timeoutSeconds":60,"environmentVariables":{"FIREBASE_CONFIG":"{\"projectId\":\"final-crm-26abl\",\"storageBucket\":\"final-crm-26abl.firebasestorage.app\"}","GCLOUD_PROJECT":"final-crm-26abl","EVENTARC_CLOUD_EVENT_SOURCE":"projects/final-crm-26abl/locations/us-central1/services/api_gateway","FUNCTION_TARGET":"api_gateway","LOG_EXECUTION_ID":"true"},"ingressSettings":"ALLOW_ALL","serviceAccountEmail":"805810315974-compute@developer.gserviceaccount.com","availableMemory":"256Mi","maxInstanceRequestConcurrency":80,"availableCpu":"1"},"state":"FAILED","labels":{"firebase-functions-hash":"a36b9fafdc4e5c64714ba32abc31ceedce29ee02"},"stateMessages":[{"severity":"ERROR","type":"CloudRunServiceNotFound","message":"Cloud Run service projects/final-crm-26abl/locations/us-central1/services/api-gateway for the function was not found. The function will not work correctly. Please redeploy."}],"environment":"GEN_2","url":"https://us-central1-final-crm-26abl.cloudfunctions.net/api_gateway","satisfiesPzi":true},"stages":[{"name":"BUILD","message":"Build in progress","state":"IN_PROGRESS","resource":"projects/805810315974/locations/us-central1/builds/0fcaf065-f365-4880-88d3-8908747bb25b","resourceUri":"https://console.cloud.google.com/cloud-build/builds;region=us-central1/0fcaf065-f365-4880-88d3-8908747bb25b?project=805810315974"},{"name":"SERVICE","state":"NOT_STARTED"}],"operationType":"UPDATE_FUNCTION","buildName":"projects/805810315974/locations/us-central1/builds/0fcaf065-f365-4880-88d3-8908747bb25b"},"done":false}
[debug] [2025-07-08T12:46:40.369Z] [update-default-us-central1-api_gateway] Retrying task index 0
[debug] [2025-07-08T12:46:40.370Z] Checked if tokens are valid: true, expires at: 1751980600558
[debug] [2025-07-08T12:46:40.370Z] Checked if tokens are valid: true, expires at: 1751980600558
[debug] [2025-07-08T12:46:40.370Z] >>> [apiv2][query] GET https://cloudfunctions.googleapis.com/v2/projects/final-crm-26abl/locations/us-central1/operations/operation-1751978796443-6396a59d0e63c-9ab5bf63-26cc3261 [none]
[debug] [2025-07-08T12:46:41.157Z] <<< [apiv2][status] GET https://cloudfunctions.googleapis.com/v2/projects/final-crm-26abl/locations/us-central1/operations/operation-1751978796443-6396a59d0e63c-9ab5bf63-26cc3261 200
[debug] [2025-07-08T12:46:41.157Z] <<< [apiv2][body] GET https://cloudfunctions.googleapis.com/v2/projects/final-crm-26abl/locations/us-central1/operations/operation-1751978796443-6396a59d0e63c-9ab5bf63-26cc3261 {"name":"projects/final-crm-26abl/locations/us-central1/operations/operation-1751978796443-6396a59d0e63c-9ab5bf63-26cc3261","metadata":{"@type":"type.googleapis.com/google.cloud.functions.v2.OperationMetadata","createTime":"2025-07-08T12:46:37.277359901Z","target":"projects/final-crm-26abl/locations/us-central1/functions/api_gateway","verb":"update","cancelRequested":false,"apiVersion":"v2","requestResource":{"@type":"type.googleapis.com/google.cloud.functions.v2.Function","name":"projects/final-crm-26abl/locations/us-central1/functions/api_gateway","buildConfig":{"runtime":"python311","entryPoint":"api_gateway","source":{"storageSource":{"bucket":"gcf-v2-sources-805810315974-us-central1","object":"api_gateway/function-source.zip","generation":"1751978797224035"}},"environmentVariables":{"GOOGLE_NODE_RUN_SCRIPTS":""},"dockerRepository":"projects/final-crm-26abl/locations/us-central1/repositories/gcf-artifacts","sourceProvenance":{"resolvedStorageSource":{"bucket":"gcf-v2-sources-805810315974-us-central1","object":"api_gateway/function-source.zip","generation":"1751978122307236"}},"dockerRegistry":"ARTIFACT_REGISTRY","serviceAccount":"projects/final-crm-26abl/serviceAccounts/805810315974-compute@developer.gserviceaccount.com","automaticUpdatePolicy":{}},"serviceConfig":{"service":"projects/final-crm-26abl/locations/us-central1/services/api-gateway","timeoutSeconds":60,"environmentVariables":{"FIREBASE_CONFIG":"{\"projectId\":\"final-crm-26abl\",\"storageBucket\":\"final-crm-26abl.firebasestorage.app\"}","GCLOUD_PROJECT":"final-crm-26abl","EVENTARC_CLOUD_EVENT_SOURCE":"projects/final-crm-26abl/locations/us-central1/services/api_gateway","FUNCTION_TARGET":"api_gateway","LOG_EXECUTION_ID":"true"},"ingressSettings":"ALLOW_ALL","serviceAccountEmail":"805810315974-compute@developer.gserviceaccount.com","availableMemory":"256Mi","maxInstanceRequestConcurrency":80,"availableCpu":"1"},"state":"FAILED","labels":{"firebase-functions-hash":"a36b9fafdc4e5c64714ba32abc31ceedce29ee02"},"stateMessages":[{"severity":"ERROR","type":"CloudRunServiceNotFound","message":"Cloud Run service projects/final-crm-26abl/locations/us-central1/services/api-gateway for the function was not found. The function will not work correctly. Please redeploy."}],"environment":"GEN_2","url":"https://us-central1-final-crm-26abl.cloudfunctions.net/api_gateway","satisfiesPzi":true},"stages":[{"name":"BUILD","message":"Build in progress","state":"IN_PROGRESS","resource":"projects/805810315974/locations/us-central1/builds/0fcaf065-f365-4880-88d3-8908747bb25b","resourceUri":"https://console.cloud.google.com/cloud-build/builds;region=us-central1/0fcaf065-f365-4880-88d3-8908747bb25b?project=805810315974"},{"name":"SERVICE","state":"NOT_STARTED"}],"operationType":"UPDATE_FUNCTION","buildName":"projects/805810315974/locations/us-central1/builds/0fcaf065-f365-4880-88d3-8908747bb25b"},"done":false}
[debug] [2025-07-08T12:46:43.162Z] [update-default-us-central1-api_gateway] Retrying task index 0
[debug] [2025-07-08T12:46:43.162Z] Checked if tokens are valid: true, expires at: 1751980600558
[debug] [2025-07-08T12:46:43.162Z] Checked if tokens are valid: true, expires at: 1751980600558
[debug] [2025-07-08T12:46:43.162Z] >>> [apiv2][query] GET https://cloudfunctions.googleapis.com/v2/projects/final-crm-26abl/locations/us-central1/operations/operation-1751978796443-6396a59d0e63c-9ab5bf63-26cc3261 [none]
[debug] [2025-07-08T12:46:43.824Z] <<< [apiv2][status] GET https://cloudfunctions.googleapis.com/v2/projects/final-crm-26abl/locations/us-central1/operations/operation-1751978796443-6396a59d0e63c-9ab5bf63-26cc3261 200
[debug] [2025-07-08T12:46:43.824Z] <<< [apiv2][body] GET https://cloudfunctions.googleapis.com/v2/projects/final-crm-26abl/locations/us-central1/operations/operation-1751978796443-6396a59d0e63c-9ab5bf63-26cc3261 {"name":"projects/final-crm-26abl/locations/us-central1/operations/operation-1751978796443-6396a59d0e63c-9ab5bf63-26cc3261","metadata":{"@type":"type.googleapis.com/google.cloud.functions.v2.OperationMetadata","createTime":"2025-07-08T12:46:37.277359901Z","target":"projects/final-crm-26abl/locations/us-central1/functions/api_gateway","verb":"update","cancelRequested":false,"apiVersion":"v2","requestResource":{"@type":"type.googleapis.com/google.cloud.functions.v2.Function","name":"projects/final-crm-26abl/locations/us-central1/functions/api_gateway","buildConfig":{"runtime":"python311","entryPoint":"api_gateway","source":{"storageSource":{"bucket":"gcf-v2-sources-805810315974-us-central1","object":"api_gateway/function-source.zip","generation":"1751978797224035"}},"environmentVariables":{"GOOGLE_NODE_RUN_SCRIPTS":""},"dockerRepository":"projects/final-crm-26abl/locations/us-central1/repositories/gcf-artifacts","sourceProvenance":{"resolvedStorageSource":{"bucket":"gcf-v2-sources-805810315974-us-central1","object":"api_gateway/function-source.zip","generation":"1751978122307236"}},"dockerRegistry":"ARTIFACT_REGISTRY","serviceAccount":"projects/final-crm-26abl/serviceAccounts/805810315974-compute@developer.gserviceaccount.com","automaticUpdatePolicy":{}},"serviceConfig":{"service":"projects/final-crm-26abl/locations/us-central1/services/api-gateway","timeoutSeconds":60,"environmentVariables":{"FIREBASE_CONFIG":"{\"projectId\":\"final-crm-26abl\",\"storageBucket\":\"final-crm-26abl.firebasestorage.app\"}","GCLOUD_PROJECT":"final-crm-26abl","EVENTARC_CLOUD_EVENT_SOURCE":"projects/final-crm-26abl/locations/us-central1/services/api_gateway","FUNCTION_TARGET":"api_gateway","LOG_EXECUTION_ID":"true"},"ingressSettings":"ALLOW_ALL","serviceAccountEmail":"805810315974-compute@developer.gserviceaccount.com","availableMemory":"256Mi","maxInstanceRequestConcurrency":80,"availableCpu":"1"},"state":"FAILED","labels":{"firebase-functions-hash":"a36b9fafdc4e5c64714ba32abc31ceedce29ee02"},"stateMessages":[{"severity":"ERROR","type":"CloudRunServiceNotFound","message":"Cloud Run service projects/final-crm-26abl/locations/us-central1/services/api-gateway for the function was not found. The function will not work correctly. Please redeploy."}],"environment":"GEN_2","url":"https://us-central1-final-crm-26abl.cloudfunctions.net/api_gateway","satisfiesPzi":true},"stages":[{"name":"BUILD","message":"Build in progress","state":"IN_PROGRESS","resource":"projects/805810315974/locations/us-central1/builds/0fcaf065-f365-4880-88d3-8908747bb25b","resourceUri":"https://console.cloud.google.com/cloud-build/builds;region=us-central1/0fcaf065-f365-4880-88d3-8908747bb25b?project=805810315974"},{"name":"SERVICE","state":"NOT_STARTED"}],"operationType":"UPDATE_FUNCTION","buildName":"projects/805810315974/locations/us-central1/builds/0fcaf065-f365-4880-88d3-8908747bb25b"},"done":false}
[debug] [2025-07-08T12:46:47.835Z] [update-default-us-central1-api_gateway] Retrying task index 0
[debug] [2025-07-08T12:46:47.836Z] Checked if tokens are valid: true, expires at: 1751980600558
[debug] [2025-07-08T12:46:47.836Z] Checked if tokens are valid: true, expires at: 1751980600558
[debug] [2025-07-08T12:46:47.836Z] >>> [apiv2][query] GET https://cloudfunctions.googleapis.com/v2/projects/final-crm-26abl/locations/us-central1/operations/operation-1751978796443-6396a59d0e63c-9ab5bf63-26cc3261 [none]
[debug] [2025-07-08T12:46:48.541Z] <<< [apiv2][status] GET https://cloudfunctions.googleapis.com/v2/projects/final-crm-26abl/locations/us-central1/operations/operation-1751978796443-6396a59d0e63c-9ab5bf63-26cc3261 200
[debug] [2025-07-08T12:46:48.541Z] <<< [apiv2][body] GET https://cloudfunctions.googleapis.com/v2/projects/final-crm-26abl/locations/us-central1/operations/operation-1751978796443-6396a59d0e63c-9ab5bf63-26cc3261 {"name":"projects/final-crm-26abl/locations/us-central1/operations/operation-1751978796443-6396a59d0e63c-9ab5bf63-26cc3261","metadata":{"@type":"type.googleapis.com/google.cloud.functions.v2.OperationMetadata","createTime":"2025-07-08T12:46:37.277359901Z","target":"projects/final-crm-26abl/locations/us-central1/functions/api_gateway","verb":"update","cancelRequested":false,"apiVersion":"v2","requestResource":{"@type":"type.googleapis.com/google.cloud.functions.v2.Function","name":"projects/final-crm-26abl/locations/us-central1/functions/api_gateway","buildConfig":{"runtime":"python311","entryPoint":"api_gateway","source":{"storageSource":{"bucket":"gcf-v2-sources-805810315974-us-central1","object":"api_gateway/function-source.zip","generation":"1751978797224035"}},"environmentVariables":{"GOOGLE_NODE_RUN_SCRIPTS":""},"dockerRepository":"projects/final-crm-26abl/locations/us-central1/repositories/gcf-artifacts","sourceProvenance":{"resolvedStorageSource":{"bucket":"gcf-v2-sources-805810315974-us-central1","object":"api_gateway/function-source.zip","generation":"1751978122307236"}},"dockerRegistry":"ARTIFACT_REGISTRY","serviceAccount":"projects/final-crm-26abl/serviceAccounts/805810315974-compute@developer.gserviceaccount.com","automaticUpdatePolicy":{}},"serviceConfig":{"service":"projects/final-crm-26abl/locations/us-central1/services/api-gateway","timeoutSeconds":60,"environmentVariables":{"FIREBASE_CONFIG":"{\"projectId\":\"final-crm-26abl\",\"storageBucket\":\"final-crm-26abl.firebasestorage.app\"}","GCLOUD_PROJECT":"final-crm-26abl","EVENTARC_CLOUD_EVENT_SOURCE":"projects/final-crm-26abl/locations/us-central1/services/api_gateway","FUNCTION_TARGET":"api_gateway","LOG_EXECUTION_ID":"true"},"ingressSettings":"ALLOW_ALL","serviceAccountEmail":"805810315974-compute@developer.gserviceaccount.com","availableMemory":"256Mi","maxInstanceRequestConcurrency":80,"availableCpu":"1"},"state":"FAILED","labels":{"firebase-functions-hash":"a36b9fafdc4e5c64714ba32abc31ceedce29ee02"},"stateMessages":[{"severity":"ERROR","type":"CloudRunServiceNotFound","message":"Cloud Run service projects/final-crm-26abl/locations/us-central1/services/api-gateway for the function was not found. The function will not work correctly. Please redeploy."}],"environment":"GEN_2","url":"https://us-central1-final-crm-26abl.cloudfunctions.net/api_gateway","satisfiesPzi":true},"stages":[{"name":"BUILD","message":"Build in progress","state":"IN_PROGRESS","resource":"projects/805810315974/locations/us-central1/builds/0fcaf065-f365-4880-88d3-8908747bb25b","resourceUri":"https://console.cloud.google.com/cloud-build/builds;region=us-central1/0fcaf065-f365-4880-88d3-8908747bb25b?project=805810315974"},{"name":"SERVICE","state":"NOT_STARTED"}],"operationType":"UPDATE_FUNCTION","buildName":"projects/805810315974/locations/us-central1/builds/0fcaf065-f365-4880-88d3-8908747bb25b"},"done":false}
[debug] [2025-07-08T12:46:56.557Z] [update-default-us-central1-api_gateway] Retrying task index 0
[debug] [2025-07-08T12:46:56.557Z] Checked if tokens are valid: true, expires at: 1751980600558
[debug] [2025-07-08T12:46:56.557Z] Checked if tokens are valid: true, expires at: 1751980600558
[debug] [2025-07-08T12:46:56.558Z] >>> [apiv2][query] GET https://cloudfunctions.googleapis.com/v2/projects/final-crm-26abl/locations/us-central1/operations/operation-1751978796443-6396a59d0e63c-9ab5bf63-26cc3261 [none]
[debug] [2025-07-08T12:46:57.291Z] <<< [apiv2][status] GET https://cloudfunctions.googleapis.com/v2/projects/final-crm-26abl/locations/us-central1/operations/operation-1751978796443-6396a59d0e63c-9ab5bf63-26cc3261 200
[debug] [2025-07-08T12:46:57.291Z] <<< [apiv2][body] GET https://cloudfunctions.googleapis.com/v2/projects/final-crm-26abl/locations/us-central1/operations/operation-1751978796443-6396a59d0e63c-9ab5bf63-26cc3261 {"name":"projects/final-crm-26abl/locations/us-central1/operations/operation-1751978796443-6396a59d0e63c-9ab5bf63-26cc3261","metadata":{"@type":"type.googleapis.com/google.cloud.functions.v2.OperationMetadata","createTime":"2025-07-08T12:46:37.277359901Z","target":"projects/final-crm-26abl/locations/us-central1/functions/api_gateway","verb":"update","cancelRequested":false,"apiVersion":"v2","requestResource":{"@type":"type.googleapis.com/google.cloud.functions.v2.Function","name":"projects/final-crm-26abl/locations/us-central1/functions/api_gateway","buildConfig":{"runtime":"python311","entryPoint":"api_gateway","source":{"storageSource":{"bucket":"gcf-v2-sources-805810315974-us-central1","object":"api_gateway/function-source.zip","generation":"1751978797224035"}},"environmentVariables":{"GOOGLE_NODE_RUN_SCRIPTS":""},"dockerRepository":"projects/final-crm-26abl/locations/us-central1/repositories/gcf-artifacts","sourceProvenance":{"resolvedStorageSource":{"bucket":"gcf-v2-sources-805810315974-us-central1","object":"api_gateway/function-source.zip","generation":"1751978122307236"}},"dockerRegistry":"ARTIFACT_REGISTRY","serviceAccount":"projects/final-crm-26abl/serviceAccounts/805810315974-compute@developer.gserviceaccount.com","automaticUpdatePolicy":{}},"serviceConfig":{"service":"projects/final-crm-26abl/locations/us-central1/services/api-gateway","timeoutSeconds":60,"environmentVariables":{"FIREBASE_CONFIG":"{\"projectId\":\"final-crm-26abl\",\"storageBucket\":\"final-crm-26abl.firebasestorage.app\"}","GCLOUD_PROJECT":"final-crm-26abl","EVENTARC_CLOUD_EVENT_SOURCE":"projects/final-crm-26abl/locations/us-central1/services/api_gateway","FUNCTION_TARGET":"api_gateway","LOG_EXECUTION_ID":"true"},"ingressSettings":"ALLOW_ALL","serviceAccountEmail":"805810315974-compute@developer.gserviceaccount.com","availableMemory":"256Mi","maxInstanceRequestConcurrency":80,"availableCpu":"1"},"state":"FAILED","labels":{"firebase-functions-hash":"a36b9fafdc4e5c64714ba32abc31ceedce29ee02"},"stateMessages":[{"severity":"ERROR","type":"CloudRunServiceNotFound","message":"Cloud Run service projects/final-crm-26abl/locations/us-central1/services/api-gateway for the function was not found. The function will not work correctly. Please redeploy."}],"environment":"GEN_2","url":"https://us-central1-final-crm-26abl.cloudfunctions.net/api_gateway","satisfiesPzi":true},"stages":[{"name":"BUILD","message":"Build in progress","state":"IN_PROGRESS","resource":"projects/805810315974/locations/us-central1/builds/0fcaf065-f365-4880-88d3-8908747bb25b","resourceUri":"https://console.cloud.google.com/cloud-build/builds;region=us-central1/0fcaf065-f365-4880-88d3-8908747bb25b?project=805810315974"},{"name":"SERVICE","state":"NOT_STARTED"}],"operationType":"UPDATE_FUNCTION","buildName":"projects/805810315974/locations/us-central1/builds/0fcaf065-f365-4880-88d3-8908747bb25b"},"done":false}
[debug] [2025-07-08T12:47:07.298Z] [update-default-us-central1-api_gateway] Retrying task index 0
[debug] [2025-07-08T12:47:07.299Z] Checked if tokens are valid: true, expires at: 1751980600558
[debug] [2025-07-08T12:47:07.299Z] Checked if tokens are valid: true, expires at: 1751980600558
[debug] [2025-07-08T12:47:07.299Z] >>> [apiv2][query] GET https://cloudfunctions.googleapis.com/v2/projects/final-crm-26abl/locations/us-central1/operations/operation-1751978796443-6396a59d0e63c-9ab5bf63-26cc3261 [none]
[debug] [2025-07-08T12:47:08.031Z] <<< [apiv2][status] GET https://cloudfunctions.googleapis.com/v2/projects/final-crm-26abl/locations/us-central1/operations/operation-1751978796443-6396a59d0e63c-9ab5bf63-26cc3261 200
[debug] [2025-07-08T12:47:08.032Z] <<< [apiv2][body] GET https://cloudfunctions.googleapis.com/v2/projects/final-crm-26abl/locations/us-central1/operations/operation-1751978796443-6396a59d0e63c-9ab5bf63-26cc3261 {"name":"projects/final-crm-26abl/locations/us-central1/operations/operation-1751978796443-6396a59d0e63c-9ab5bf63-26cc3261","metadata":{"@type":"type.googleapis.com/google.cloud.functions.v2.OperationMetadata","createTime":"2025-07-08T12:46:37.277359901Z","target":"projects/final-crm-26abl/locations/us-central1/functions/api_gateway","verb":"update","cancelRequested":false,"apiVersion":"v2","requestResource":{"@type":"type.googleapis.com/google.cloud.functions.v2.Function","name":"projects/final-crm-26abl/locations/us-central1/functions/api_gateway","buildConfig":{"runtime":"python311","entryPoint":"api_gateway","source":{"storageSource":{"bucket":"gcf-v2-sources-805810315974-us-central1","object":"api_gateway/function-source.zip","generation":"1751978797224035"}},"environmentVariables":{"GOOGLE_NODE_RUN_SCRIPTS":""},"dockerRepository":"projects/final-crm-26abl/locations/us-central1/repositories/gcf-artifacts","sourceProvenance":{"resolvedStorageSource":{"bucket":"gcf-v2-sources-805810315974-us-central1","object":"api_gateway/function-source.zip","generation":"1751978122307236"}},"dockerRegistry":"ARTIFACT_REGISTRY","serviceAccount":"projects/final-crm-26abl/serviceAccounts/805810315974-compute@developer.gserviceaccount.com","automaticUpdatePolicy":{}},"serviceConfig":{"service":"projects/final-crm-26abl/locations/us-central1/services/api-gateway","timeoutSeconds":60,"environmentVariables":{"FIREBASE_CONFIG":"{\"projectId\":\"final-crm-26abl\",\"storageBucket\":\"final-crm-26abl.firebasestorage.app\"}","GCLOUD_PROJECT":"final-crm-26abl","EVENTARC_CLOUD_EVENT_SOURCE":"projects/final-crm-26abl/locations/us-central1/services/api_gateway","FUNCTION_TARGET":"api_gateway","LOG_EXECUTION_ID":"true"},"ingressSettings":"ALLOW_ALL","serviceAccountEmail":"805810315974-compute@developer.gserviceaccount.com","availableMemory":"256Mi","maxInstanceRequestConcurrency":80,"availableCpu":"1"},"state":"FAILED","labels":{"firebase-functions-hash":"a36b9fafdc4e5c64714ba32abc31ceedce29ee02"},"stateMessages":[{"severity":"ERROR","type":"CloudRunServiceNotFound","message":"Cloud Run service projects/final-crm-26abl/locations/us-central1/services/api-gateway for the function was not found. The function will not work correctly. Please redeploy."}],"environment":"GEN_2","url":"https://us-central1-final-crm-26abl.cloudfunctions.net/api_gateway","satisfiesPzi":true},"stages":[{"name":"BUILD","message":"Build in progress","state":"IN_PROGRESS","resource":"projects/805810315974/locations/us-central1/builds/0fcaf065-f365-4880-88d3-8908747bb25b","resourceUri":"https://console.cloud.google.com/cloud-build/builds;region=us-central1/0fcaf065-f365-4880-88d3-8908747bb25b?project=805810315974"},{"name":"SERVICE","state":"NOT_STARTED"}],"operationType":"UPDATE_FUNCTION","buildName":"projects/805810315974/locations/us-central1/builds/0fcaf065-f365-4880-88d3-8908747bb25b"},"done":false}
[debug] [2025-07-08T12:47:18.047Z] [update-default-us-central1-api_gateway] Retrying task index 0
[debug] [2025-07-08T12:47:18.047Z] Checked if tokens are valid: true, expires at: 1751980600558
[debug] [2025-07-08T12:47:18.047Z] Checked if tokens are valid: true, expires at: 1751980600558
[debug] [2025-07-08T12:47:18.048Z] >>> [apiv2][query] GET https://cloudfunctions.googleapis.com/v2/projects/final-crm-26abl/locations/us-central1/operations/operation-1751978796443-6396a59d0e63c-9ab5bf63-26cc3261 [none]
[debug] [2025-07-08T12:47:18.811Z] <<< [apiv2][status] GET https://cloudfunctions.googleapis.com/v2/projects/final-crm-26abl/locations/us-central1/operations/operation-1751978796443-6396a59d0e63c-9ab5bf63-26cc3261 200
[debug] [2025-07-08T12:47:18.812Z] <<< [apiv2][body] GET https://cloudfunctions.googleapis.com/v2/projects/final-crm-26abl/locations/us-central1/operations/operation-1751978796443-6396a59d0e63c-9ab5bf63-26cc3261 {"name":"projects/final-crm-26abl/locations/us-central1/operations/operation-1751978796443-6396a59d0e63c-9ab5bf63-26cc3261","metadata":{"@type":"type.googleapis.com/google.cloud.functions.v2.OperationMetadata","createTime":"2025-07-08T12:46:37.277359901Z","target":"projects/final-crm-26abl/locations/us-central1/functions/api_gateway","verb":"update","cancelRequested":false,"apiVersion":"v2","requestResource":{"@type":"type.googleapis.com/google.cloud.functions.v2.Function","name":"projects/final-crm-26abl/locations/us-central1/functions/api_gateway","buildConfig":{"runtime":"python311","entryPoint":"api_gateway","source":{"storageSource":{"bucket":"gcf-v2-sources-805810315974-us-central1","object":"api_gateway/function-source.zip","generation":"1751978797224035"}},"environmentVariables":{"GOOGLE_NODE_RUN_SCRIPTS":""},"dockerRepository":"projects/final-crm-26abl/locations/us-central1/repositories/gcf-artifacts","sourceProvenance":{"resolvedStorageSource":{"bucket":"gcf-v2-sources-805810315974-us-central1","object":"api_gateway/function-source.zip","generation":"1751978122307236"}},"dockerRegistry":"ARTIFACT_REGISTRY","serviceAccount":"projects/final-crm-26abl/serviceAccounts/805810315974-compute@developer.gserviceaccount.com","automaticUpdatePolicy":{}},"serviceConfig":{"service":"projects/final-crm-26abl/locations/us-central1/services/api-gateway","timeoutSeconds":60,"environmentVariables":{"FIREBASE_CONFIG":"{\"projectId\":\"final-crm-26abl\",\"storageBucket\":\"final-crm-26abl.firebasestorage.app\"}","GCLOUD_PROJECT":"final-crm-26abl","EVENTARC_CLOUD_EVENT_SOURCE":"projects/final-crm-26abl/locations/us-central1/services/api_gateway","FUNCTION_TARGET":"api_gateway","LOG_EXECUTION_ID":"true"},"ingressSettings":"ALLOW_ALL","serviceAccountEmail":"805810315974-compute@developer.gserviceaccount.com","availableMemory":"256Mi","maxInstanceRequestConcurrency":80,"availableCpu":"1"},"state":"FAILED","labels":{"firebase-functions-hash":"a36b9fafdc4e5c64714ba32abc31ceedce29ee02"},"stateMessages":[{"severity":"ERROR","type":"CloudRunServiceNotFound","message":"Cloud Run service projects/final-crm-26abl/locations/us-central1/services/api-gateway for the function was not found. The function will not work correctly. Please redeploy."}],"environment":"GEN_2","url":"https://us-central1-final-crm-26abl.cloudfunctions.net/api_gateway","satisfiesPzi":true},"stages":[{"name":"BUILD","message":"Build in progress","state":"IN_PROGRESS","resource":"projects/805810315974/locations/us-central1/builds/0fcaf065-f365-4880-88d3-8908747bb25b","resourceUri":"https://console.cloud.google.com/cloud-build/builds;region=us-central1/0fcaf065-f365-4880-88d3-8908747bb25b?project=805810315974"},{"name":"SERVICE","state":"NOT_STARTED"}],"operationType":"UPDATE_FUNCTION","buildName":"projects/805810315974/locations/us-central1/builds/0fcaf065-f365-4880-88d3-8908747bb25b"},"done":false}
[debug] [2025-07-08T12:47:32.294Z] ----------------------------------------------------------------------
[debug] [2025-07-08T12:47:32.295Z] Command:       C:\Program Files\nodejs\node.exe C:\Users\Vulpe\AppData\Roaming\npm\node_modules\firebase-tools\lib\bin\firebase.js deploy --only functions --force --debug
[debug] [2025-07-08T12:47:32.295Z] CLI Version:   14.9.0
[debug] [2025-07-08T12:47:32.296Z] Platform:      win32
[debug] [2025-07-08T12:47:32.296Z] Node Version:  v22.14.0
[debug] [2025-07-08T12:47:32.296Z] Time:          Tue Jul 08 2025 14:47:32 GMT+0200 (Midden-Europese zomertijd)
[debug] [2025-07-08T12:47:32.296Z] ----------------------------------------------------------------------
[debug] 
[debug] [2025-07-08T12:47:32.435Z] > command requires scopes: ["email","openid","https://www.googleapis.com/auth/cloudplatformprojects.readonly","https://www.googleapis.com/auth/firebase","https://www.googleapis.com/auth/cloud-platform"]
[debug] [2025-07-08T12:47:32.436Z] > authorizing via signed-in user (jan@pvmonteur.nl)
[debug] [2025-07-08T12:47:32.437Z] [iam] checking project final-crm-26abl for permissions ["cloudfunctions.functions.create","cloudfunctions.functions.delete","cloudfunctions.functions.get","cloudfunctions.functions.list","cloudfunctions.functions.update","cloudfunctions.operations.get","firebase.projects.get"]
[debug] [2025-07-08T12:47:32.438Z] Checked if tokens are valid: true, expires at: 1751980600558
[debug] [2025-07-08T12:47:32.438Z] Checked if tokens are valid: true, expires at: 1751980600558
[debug] [2025-07-08T12:47:32.439Z] >>> [apiv2][query] POST https://cloudresourcemanager.googleapis.com/v1/projects/final-crm-26abl:testIamPermissions [none]
[debug] [2025-07-08T12:47:32.439Z] >>> [apiv2][(partial)header] POST https://cloudresourcemanager.googleapis.com/v1/projects/final-crm-26abl:testIamPermissions x-goog-quota-user=projects/final-crm-26abl
[debug] [2025-07-08T12:47:32.440Z] >>> [apiv2][body] POST https://cloudresourcemanager.googleapis.com/v1/projects/final-crm-26abl:testIamPermissions {"permissions":["cloudfunctions.functions.create","cloudfunctions.functions.delete","cloudfunctions.functions.get","cloudfunctions.functions.list","cloudfunctions.functions.update","cloudfunctions.operations.get","firebase.projects.get"]}
[debug] [2025-07-08T12:47:33.140Z] <<< [apiv2][status] POST https://cloudresourcemanager.googleapis.com/v1/projects/final-crm-26abl:testIamPermissions 200
[debug] [2025-07-08T12:47:33.140Z] <<< [apiv2][body] POST https://cloudresourcemanager.googleapis.com/v1/projects/final-crm-26abl:testIamPermissions {"permissions":["cloudfunctions.functions.create","cloudfunctions.functions.delete","cloudfunctions.functions.get","cloudfunctions.functions.list","cloudfunctions.functions.update","cloudfunctions.operations.get","firebase.projects.get"]}
[debug] [2025-07-08T12:47:33.141Z] Checked if tokens are valid: true, expires at: 1751980600558
[debug] [2025-07-08T12:47:33.141Z] Checked if tokens are valid: true, expires at: 1751980600558
[debug] [2025-07-08T12:47:33.141Z] >>> [apiv2][query] POST https://iam.googleapis.com/v1/projects/final-crm-26abl/serviceAccounts/final-crm-26abl@appspot.gserviceaccount.com:testIamPermissions [none]
[debug] [2025-07-08T12:47:33.141Z] >>> [apiv2][body] POST https://iam.googleapis.com/v1/projects/final-crm-26abl/serviceAccounts/final-crm-26abl@appspot.gserviceaccount.com:testIamPermissions {"permissions":["iam.serviceAccounts.actAs"]}
[debug] [2025-07-08T12:47:33.810Z] <<< [apiv2][status] POST https://iam.googleapis.com/v1/projects/final-crm-26abl/serviceAccounts/final-crm-26abl@appspot.gserviceaccount.com:testIamPermissions 200
[debug] [2025-07-08T12:47:33.810Z] <<< [apiv2][body] POST https://iam.googleapis.com/v1/projects/final-crm-26abl/serviceAccounts/final-crm-26abl@appspot.gserviceaccount.com:testIamPermissions {"permissions":["iam.serviceAccounts.actAs"]}
[info] 
[info] === Deploying to 'final-crm-26abl'...
[info] 
[info] i  deploying functions 
[debug] [2025-07-08T12:47:33.813Z] Checked if tokens are valid: true, expires at: 1751980600558
[debug] [2025-07-08T12:47:33.813Z] Checked if tokens are valid: true, expires at: 1751980600558
[debug] [2025-07-08T12:47:33.813Z] >>> [apiv2][query] GET https://cloudresourcemanager.googleapis.com/v1/projects/final-crm-26abl [none]
[debug] [2025-07-08T12:47:34.015Z] <<< [apiv2][status] GET https://cloudresourcemanager.googleapis.com/v1/projects/final-crm-26abl 200
[debug] [2025-07-08T12:47:34.015Z] <<< [apiv2][body] GET https://cloudresourcemanager.googleapis.com/v1/projects/final-crm-26abl {"projectNumber":"805810315974","projectId":"final-crm-26abl","lifecycleState":"ACTIVE","name":"final-crm-26abl","labels":{"firebase":"enabled","firebase-core":"disabled"},"createTime":"2025-07-08T07:53:37.203823Z","parent":{"type":"organization","id":"909065010183"}}
[info] i  functions: preparing codebase default for deployment 
[info] i  functions: ensuring required API cloudfunctions.googleapis.com is enabled... 
[info] i  functions: ensuring required API cloudbuild.googleapis.com is enabled... 
[info] i  artifactregistry: ensuring required API artifactregistry.googleapis.com is enabled... 
[debug] [2025-07-08T12:47:34.017Z] Checked if tokens are valid: true, expires at: 1751980600558
[debug] [2025-07-08T12:47:34.018Z] Checked if tokens are valid: true, expires at: 1751980600558
[debug] [2025-07-08T12:47:34.018Z] >>> [apiv2][query] GET https://firebase.googleapis.com/v1beta1/projects/final-crm-26abl/adminSdkConfig [none]
[debug] [2025-07-08T12:47:34.276Z] <<< [apiv2][status] GET https://firebase.googleapis.com/v1beta1/projects/final-crm-26abl/adminSdkConfig 200
[debug] [2025-07-08T12:47:34.276Z] <<< [apiv2][body] GET https://firebase.googleapis.com/v1beta1/projects/final-crm-26abl/adminSdkConfig {"projectId":"final-crm-26abl","storageBucket":"final-crm-26abl.firebasestorage.app"}
[debug] [2025-07-08T12:47:34.277Z] Checked if tokens are valid: true, expires at: 1751980600558
[debug] [2025-07-08T12:47:34.277Z] Checked if tokens are valid: true, expires at: 1751980600558
[debug] [2025-07-08T12:47:34.277Z] >>> [apiv2][query] GET https://runtimeconfig.googleapis.com/v1beta1/projects/final-crm-26abl/configs [none]
[debug] [2025-07-08T12:47:34.491Z] <<< [apiv2][status] GET https://runtimeconfig.googleapis.com/v1beta1/projects/final-crm-26abl/configs 200
[debug] [2025-07-08T12:47:34.492Z] <<< [apiv2][body] GET https://runtimeconfig.googleapis.com/v1beta1/projects/final-crm-26abl/configs {"configs":[{"name":"projects/final-crm-26abl/configs/app"},{"name":"projects/final-crm-26abl/configs/api_gateway"}]}
[debug] [2025-07-08T12:47:34.492Z] Checked if tokens are valid: true, expires at: 1751980600558
[debug] [2025-07-08T12:47:34.492Z] Checked if tokens are valid: true, expires at: 1751980600558
[debug] [2025-07-08T12:47:34.492Z] Checked if tokens are valid: true, expires at: 1751980600558
[debug] [2025-07-08T12:47:34.493Z] Checked if tokens are valid: true, expires at: 1751980600558
[debug] [2025-07-08T12:47:34.493Z] >>> [apiv2][query] GET https://runtimeconfig.googleapis.com/v1beta1/projects/final-crm-26abl/configs/app/variables [none]
[debug] [2025-07-08T12:47:34.493Z] >>> [apiv2][query] GET https://runtimeconfig.googleapis.com/v1beta1/projects/final-crm-26abl/configs/api_gateway/variables [none]
[debug] [2025-07-08T12:47:34.687Z] <<< [apiv2][status] GET https://runtimeconfig.googleapis.com/v1beta1/projects/final-crm-26abl/configs/api_gateway/variables 200
[debug] [2025-07-08T12:47:34.688Z] <<< [apiv2][body] GET https://runtimeconfig.googleapis.com/v1beta1/projects/final-crm-26abl/configs/api_gateway/variables {"variables":[{"name":"projects/final-crm-26abl/configs/api_gateway/variables/timeout_seconds","updateTime":"2025-07-08T12:40:04.089809595Z"}]}
[debug] [2025-07-08T12:47:34.688Z] Checked if tokens are valid: true, expires at: 1751980600558
[debug] [2025-07-08T12:47:34.688Z] Checked if tokens are valid: true, expires at: 1751980600558
[debug] [2025-07-08T12:47:34.688Z] >>> [apiv2][query] GET https://runtimeconfig.googleapis.com/v1beta1/projects/final-crm-26abl/configs/api_gateway/variables/timeout_seconds [none]
[debug] [2025-07-08T12:47:34.692Z] <<< [apiv2][status] GET https://runtimeconfig.googleapis.com/v1beta1/projects/final-crm-26abl/configs/app/variables 200
[debug] [2025-07-08T12:47:34.692Z] <<< [apiv2][body] GET https://runtimeconfig.googleapis.com/v1beta1/projects/final-crm-26abl/configs/app/variables {"variables":[{"name":"projects/final-crm-26abl/configs/app/variables/frontend_url","updateTime":"2025-07-08T10:04:41.295959037Z"},{"name":"projects/final-crm-26abl/configs/app/variables/jwt_secret_key","updateTime":"2025-07-08T10:04:40.901275615Z"},{"name":"projects/final-crm-26abl/configs/app/variables/secret_key","updateTime":"2025-07-08T10:04:40.614970768Z"}]}
[debug] [2025-07-08T12:47:34.693Z] Checked if tokens are valid: true, expires at: 1751980600558
[debug] [2025-07-08T12:47:34.693Z] Checked if tokens are valid: true, expires at: 1751980600558
[debug] [2025-07-08T12:47:34.693Z] Checked if tokens are valid: true, expires at: 1751980600558
[debug] [2025-07-08T12:47:34.693Z] Checked if tokens are valid: true, expires at: 1751980600558
[debug] [2025-07-08T12:47:34.693Z] Checked if tokens are valid: true, expires at: 1751980600558
[debug] [2025-07-08T12:47:34.694Z] Checked if tokens are valid: true, expires at: 1751980600558
[debug] [2025-07-08T12:47:34.694Z] >>> [apiv2][query] GET https://runtimeconfig.googleapis.com/v1beta1/projects/final-crm-26abl/configs/app/variables/frontend_url [none]
[debug] [2025-07-08T12:47:34.694Z] >>> [apiv2][query] GET https://runtimeconfig.googleapis.com/v1beta1/projects/final-crm-26abl/configs/app/variables/jwt_secret_key [none]
[debug] [2025-07-08T12:47:34.696Z] >>> [apiv2][query] GET https://runtimeconfig.googleapis.com/v1beta1/projects/final-crm-26abl/configs/app/variables/secret_key [none]
[debug] [2025-07-08T12:47:34.878Z] <<< [apiv2][status] GET https://runtimeconfig.googleapis.com/v1beta1/projects/final-crm-26abl/configs/app/variables/jwt_secret_key 200
[debug] [2025-07-08T12:47:34.879Z] <<< [apiv2][body] GET https://runtimeconfig.googleapis.com/v1beta1/projects/final-crm-26abl/configs/app/variables/jwt_secret_key {"name":"projects/final-crm-26abl/configs/app/variables/jwt_secret_key","updateTime":"2025-07-08T10:04:40.901275615Z","text":"N0pQ1rS2tU3vW4xY5zC6aD7bE8cF9gH"}
[debug] [2025-07-08T12:47:34.898Z] <<< [apiv2][status] GET https://runtimeconfig.googleapis.com/v1beta1/projects/final-crm-26abl/configs/api_gateway/variables/timeout_seconds 200
[debug] [2025-07-08T12:47:34.898Z] <<< [apiv2][body] GET https://runtimeconfig.googleapis.com/v1beta1/projects/final-crm-26abl/configs/api_gateway/variables/timeout_seconds {"name":"projects/final-crm-26abl/configs/api_gateway/variables/timeout_seconds","updateTime":"2025-07-08T12:40:04.089809595Z","text":"300"}
[debug] [2025-07-08T12:47:34.972Z] <<< [apiv2][status] GET https://runtimeconfig.googleapis.com/v1beta1/projects/final-crm-26abl/configs/app/variables/secret_key 200
[debug] [2025-07-08T12:47:34.972Z] <<< [apiv2][body] GET https://runtimeconfig.googleapis.com/v1beta1/projects/final-crm-26abl/configs/app/variables/secret_key {"name":"projects/final-crm-26abl/configs/app/variables/secret_key","updateTime":"2025-07-08T10:04:40.614970768Z","text":"R6sT8UvW1XyZ2aB3cD4eF5gH6iJ7kL9m"}
[debug] [2025-07-08T12:47:35.437Z] <<< [apiv2][status] GET https://runtimeconfig.googleapis.com/v1beta1/projects/final-crm-26abl/configs/app/variables/frontend_url 200
[debug] [2025-07-08T12:47:35.438Z] <<< [apiv2][body] GET https://runtimeconfig.googleapis.com/v1beta1/projects/final-crm-26abl/configs/app/variables/frontend_url {"name":"projects/final-crm-26abl/configs/app/variables/frontend_url","updateTime":"2025-07-08T10:04:41.295959037Z","text":"http://localhost:5173"}
[debug] [2025-07-08T12:47:35.439Z] Customer code is not Node
[debug] [2025-07-08T12:47:35.439Z] Validating python source
[debug] [2025-07-08T12:47:35.439Z] Building python source
[info] i  functions: Loading and analyzing source code for codebase default to determine what to deploy 
[debug] [2025-07-08T12:47:35.440Z] Could not find functions.yaml. Must use http discovery
[debug] [2025-07-08T12:47:35.447Z] Running command with virtualenv: command="C:\Users\Vulpe\Ai\Final-CRM\functions\venv\Scripts\activate.bat", args=["","&&","python.exe","-c","\"import firebase_functions; import os; print(os.path.dirname(firebase_functions.__file__))\""]
[debug] [2025-07-08T12:47:35.521Z] stdout: C:\Users\Vulpe\Ai\Final-CRM\functions\venv\Lib\site-packages\firebase_functions

[debug] [2025-07-08T12:47:35.528Z] Running admin server with args: ["python.exe","\"C:\\Users\\Vulpe\\Ai\\Final-CRM\\functions\\venv\\Lib\\site-packages\\firebase_functions\\private\\serving.py\""] and env: {"FIREBASE_CONFIG":"{\"projectId\":\"final-crm-26abl\",\"storageBucket\":\"final-crm-26abl.firebasestorage.app\"}","GCLOUD_PROJECT":"final-crm-26abl","GOOGLE_CLOUD_QUOTA_PROJECT":"final-crm-26abl","ADMIN_PORT":"8081"} in C:\Users\Vulpe\Ai\Final-CRM\functions
[debug] [2025-07-08T12:47:35.528Z] Running command with virtualenv: command="C:\Users\Vulpe\Ai\Final-CRM\functions\venv\Scripts\activate.bat", args=["","&&","python.exe","\"C:\\Users\\Vulpe\\Ai\\Final-CRM\\functions\\venv\\Lib\\site-packages\\firebase_functions\\private\\serving.py\""]
[info]  * Serving Flask app 'serving'
 * Debug mode: off

[error] WARNING: This is a development server. Do not use it in a production deployment. Use a production WSGI server instead.
 * Running on http://127.0.0.1:8081
Press CTRL+C to quit

[error] 127.0.0.1 - - [08/Jul/2025 14:47:36] "GET /__/functions.yaml HTTP/1.1" 200 -

[debug] [2025-07-08T12:47:36.524Z] Got response from /__/functions.yaml endpoints:
  api_gateway:
    availableMemoryMb: null
    concurrency: null
    entryPoint: api_gateway
    httpsTrigger: {}
    ingressSettings: null
    labels: {}
    maxInstances: null
    minInstances: null
    platform: gcfv2
    secretEnvironmentVariables: []
    serviceAccountEmail: null
    timeoutSeconds: null
params: []
requiredAPIs: []
specVersion: v1alpha1

[error] 127.0.0.1 - - [08/Jul/2025 14:47:36] "GET /__/quitquitquit HTTP/1.1" 200 -

[info] i  functions: preparing functions directory for uploading... 
[info] i  functions: packaged C:\Users\Vulpe\Ai\Final-CRM\functions (136.65 KB) for uploading 
[debug] [2025-07-08T12:47:36.619Z] Checked if tokens are valid: true, expires at: 1751980600558
[debug] [2025-07-08T12:47:36.620Z] Checked if tokens are valid: true, expires at: 1751980600558
[debug] [2025-07-08T12:47:36.620Z] >>> [apiv2][query] GET https://cloudfunctions.googleapis.com/v1/projects/final-crm-26abl/locations/-/functions [none]
[debug] [2025-07-08T12:47:37.199Z] <<< [apiv2][status] GET https://cloudfunctions.googleapis.com/v1/projects/final-crm-26abl/locations/-/functions 200
[debug] [2025-07-08T12:47:37.199Z] <<< [apiv2][body] GET https://cloudfunctions.googleapis.com/v1/projects/final-crm-26abl/locations/-/functions {}
[debug] [2025-07-08T12:47:37.199Z] Checked if tokens are valid: true, expires at: 1751980600558
[debug] [2025-07-08T12:47:37.200Z] Checked if tokens are valid: true, expires at: 1751980600558
[debug] [2025-07-08T12:47:37.200Z] >>> [apiv2][query] GET https://cloudfunctions.googleapis.com/v2/projects/final-crm-26abl/locations/-/functions filter=environment%3D%22GEN_2%22
